<?xml version="1.0" encoding="UTF-8"?>
<coverage generated="1738154504031" clover="3.2.0">
  <project timestamp="1738154504032" name="All files">
    <metrics statements="58" coveredstatements="39" conditionals="49" coveredconditionals="22" methods="21" coveredmethods="15" elements="128" coveredelements="76" complexity="0" loc="58" ncloc="58" packages="1" files="6" classes="6"/>
    <file name="CreateLeaveRequest.jsx" path="C:\Users\Tygol\OneDrive - ROC Nijmegen\Documenten\GitHub\front-end-Geoprofs-LJ3\front-end-geoprofs\src\components\CreateLeaveRequest.jsx">
      <metrics statements="9" coveredstatements="7" conditionals="9" coveredconditionals="3" methods="4" coveredmethods="3"/>
      <line num="6" count="1" type="cond" truecount="1" falsecount="1"/>
      <line num="7" count="0" type="stmt"/>
      <line num="10" count="1" type="stmt"/>
      <line num="29" count="1" type="cond" truecount="1" falsecount="1"/>
      <line num="30" count="1" type="stmt"/>
      <line num="32" count="1" type="cond" truecount="1" falsecount="1"/>
      <line num="33" count="1" type="stmt"/>
      <line num="37" count="1" type="stmt"/>
      <line num="39" count="0" type="stmt"/>
    </file>
    <file name="GetCookie.jsx" path="C:\Users\Tygol\OneDrive - ROC Nijmegen\Documenten\GitHub\front-end-Geoprofs-LJ3\front-end-geoprofs\src\components\GetCookie.jsx">
      <metrics statements="10" coveredstatements="0" conditionals="2" coveredconditionals="0" methods="1" coveredmethods="0"/>
      <line num="2" count="0" type="stmt"/>
      <line num="3" count="0" type="stmt"/>
      <line num="4" count="0" type="stmt"/>
      <line num="5" count="0" type="stmt"/>
      <line num="6" count="0" type="stmt"/>
      <line num="7" count="0" type="stmt"/>
      <line num="8" count="0" type="stmt"/>
      <line num="10" count="0" type="cond" truecount="0" falsecount="2"/>
      <line num="11" count="0" type="stmt"/>
      <line num="14" count="0" type="stmt"/>
    </file>
    <file name="GetLeaveSaldoUser.jsx" path="C:\Users\Tygol\OneDrive - ROC Nijmegen\Documenten\GitHub\front-end-Geoprofs-LJ3\front-end-geoprofs\src\components\GetLeaveSaldoUser.jsx">
      <metrics statements="10" coveredstatements="8" conditionals="11" coveredconditionals="4" methods="4" coveredmethods="3"/>
      <line num="7" count="1" type="cond" truecount="1" falsecount="1"/>
      <line num="8" count="0" type="stmt"/>
      <line num="11" count="1" type="stmt"/>
      <line num="19" count="1" type="cond" truecount="1" falsecount="1"/>
      <line num="20" count="1" type="stmt"/>
      <line num="22" count="1" type="cond" truecount="1" falsecount="1"/>
      <line num="23" count="1" type="stmt"/>
      <line num="27" count="1" type="cond" truecount="1" falsecount="1"/>
      <line num="28" count="1" type="stmt"/>
      <line num="31" count="0" type="stmt"/>
    </file>
    <file name="GetMangerDepartment.jsx" path="C:\Users\Tygol\OneDrive - ROC Nijmegen\Documenten\GitHub\front-end-Geoprofs-LJ3\front-end-geoprofs\src\components\GetMangerDepartment.jsx">
      <metrics statements="10" coveredstatements="8" conditionals="11" coveredconditionals="5" methods="4" coveredmethods="3"/>
      <line num="7" count="5" type="cond" truecount="1" falsecount="1"/>
      <line num="8" count="0" type="stmt"/>
      <line num="11" count="5" type="stmt"/>
      <line num="19" count="5" type="cond" truecount="1" falsecount="1"/>
      <line num="20" count="5" type="stmt"/>
      <line num="22" count="5" type="cond" truecount="2" falsecount="0"/>
      <line num="23" count="2" type="stmt"/>
      <line num="27" count="5" type="cond" truecount="1" falsecount="1"/>
      <line num="28" count="5" type="stmt"/>
      <line num="31" count="0" type="stmt"/>
    </file>
    <file name="GetUserDepartments.jsx" path="C:\Users\Tygol\OneDrive - ROC Nijmegen\Documenten\GitHub\front-end-Geoprofs-LJ3\front-end-geoprofs\src\components\GetUserDepartments.jsx">
      <metrics statements="10" coveredstatements="8" conditionals="11" coveredconditionals="5" methods="4" coveredmethods="3"/>
      <line num="7" count="5" type="cond" truecount="1" falsecount="1"/>
      <line num="8" count="0" type="stmt"/>
      <line num="11" count="5" type="stmt"/>
      <line num="18" count="5" type="cond" truecount="1" falsecount="1"/>
      <line num="19" count="5" type="stmt"/>
      <line num="21" count="5" type="cond" truecount="2" falsecount="0"/>
      <line num="22" count="2" type="stmt"/>
      <line num="26" count="5" type="cond" truecount="1" falsecount="1"/>
      <line num="27" count="5" type="stmt"/>
      <line num="30" count="0" type="stmt"/>
    </file>
    <file name="Login.jsx" path="C:\Users\Tygol\OneDrive - ROC Nijmegen\Documenten\GitHub\front-end-Geoprofs-LJ3\front-end-geoprofs\src\components\Login.jsx">
      <metrics statements="9" coveredstatements="8" conditionals="5" coveredconditionals="5" methods="4" coveredmethods="3"/>
      <line num="6" count="15" type="stmt"/>
      <line num="7" count="15" type="stmt"/>
      <line num="18" count="15" type="cond" truecount="2" falsecount="0"/>
      <line num="19" count="3" type="stmt"/>
      <line num="21" count="15" type="cond" truecount="2" falsecount="0"/>
      <line num="22" count="14" type="stmt"/>
      <line num="26" count="15" type="stmt"/>
      <line num="27" count="15" type="stmt"/>
      <line num="29" count="0" type="stmt"/>
    </file>
  </project>
</coverage>
