<?xml version="1.0" encoding="UTF-8"?>
<coverage generated="1737622041315" clover="3.2.0">
  <project timestamp="1737622041315" name="All files">
    <metrics statements="29" coveredstatements="16" conditionals="18" coveredconditionals="10" methods="9" coveredmethods="6" elements="56" coveredelements="32" complexity="0" loc="29" ncloc="29" packages="1" files="2" classes="2"/>
    <file name="GetUserDepartments.jsx" path="C:\Users\karst\git-protjects\geoprof\frontend\front-end-Geoprofs-LJ3\front-end-geoprofs\src\components\GetUserDepartments.jsx">
      <metrics statements="20" coveredstatements="8" conditionals="13" coveredconditionals="5" methods="5" coveredmethods="3"/>
      <line num="7" count="0" type="stmt"/>
      <line num="8" count="0" type="stmt"/>
      <line num="9" count="0" type="stmt"/>
      <line num="10" count="0" type="stmt"/>
      <line num="11" count="0" type="stmt"/>
      <line num="12" count="0" type="stmt"/>
      <line num="13" count="0" type="stmt"/>
      <line num="15" count="0" type="cond" truecount="0" falsecount="2"/>
      <line num="16" count="0" type="stmt"/>
      <line num="19" count="0" type="stmt"/>
      <line num="22" count="3" type="cond" truecount="1" falsecount="1"/>
      <line num="23" count="0" type="stmt"/>
      <line num="28" count="3" type="stmt"/>
      <line num="35" count="3" type="cond" truecount="1" falsecount="1"/>
      <line num="36" count="3" type="stmt"/>
      <line num="38" count="3" type="cond" truecount="2" falsecount="0"/>
      <line num="39" count="1" type="stmt"/>
      <line num="43" count="3" type="cond" truecount="1" falsecount="1"/>
      <line num="44" count="3" type="stmt"/>
      <line num="47" count="0" type="stmt"/>
    </file>
    <file name="Login.jsx" path="C:\Users\karst\git-protjects\geoprof\frontend\front-end-Geoprofs-LJ3\front-end-geoprofs\src\components\Login.jsx">
      <metrics statements="9" coveredstatements="8" conditionals="5" coveredconditionals="5" methods="4" coveredmethods="3"/>
      <line num="6" count="6" type="stmt"/>
      <line num="7" count="6" type="stmt"/>
      <line num="18" count="6" type="cond" truecount="2" falsecount="0"/>
      <line num="19" count="3" type="stmt"/>
      <line num="21" count="6" type="cond" truecount="2" falsecount="0"/>
      <line num="22" count="5" type="stmt"/>
      <line num="26" count="6" type="stmt"/>
      <line num="27" count="6" type="stmt"/>
      <line num="29" count="0" type="stmt"/>
    </file>
  </project>
</coverage>
