{"C:\\Users\\Tygol\\OneDrive - ROC Nijmegen\\Documenten\\GitHub\\front-end-Geoprofs-LJ3\\front-end-geoprofs\\src\\components\\CreateLeaveRequest.jsx": {"path":"C:\\Users\\Tygol\\OneDrive - ROC Nijmegen\\Documenten\\GitHub\\front-end-Geoprofs-LJ3\\front-end-geoprofs\\src\\components\\CreateLeaveRequest.jsx","statementMap":{"0":{"start":{"line":6,"column":4},"end":{"line":8,"column":5}},"1":{"start":{"line":7,"column":25},"end":{"line":7,"column":54}},"2":{"start":{"line":10,"column":4},"end":{"line":39,"column":54}},"3":{"start":{"line":29,"column":8},"end":{"line":31,"column":9}},"4":{"start":{"line":30,"column":12},"end":{"line":30,"column":41}},"5":{"start":{"line":32,"column":8},"end":{"line":34,"column":9}},"6":{"start":{"line":33,"column":12},"end":{"line":33,"column":35}},"7":{"start":{"line":37,"column":8},"end":{"line":37,"column":28}},"8":{"start":{"line":39,"column":22},"end":{"line":39,"column":52}}},"fnMap":{"0":{"name":"CreateLeaveRequest","decl":{"start":{"line":4,"column":9},"end":{"line":4,"column":27}},"loc":{"start":{"line":4,"column":96},"end":{"line":40,"column":1}},"line":4},"1":{"name":"(anonymous_1)","decl":{"start":{"line":28,"column":10},"end":{"line":28,"column":11}},"loc":{"start":{"line":28,"column":24},"end":{"line":35,"column":5}},"line":28},"2":{"name":"(anonymous_2)","decl":{"start":{"line":36,"column":10},"end":{"line":36,"column":11}},"loc":{"start":{"line":36,"column":26},"end":{"line":38,"column":5}},"line":36},"3":{"name":"(anonymous_3)","decl":{"start":{"line":39,"column":11},"end":{"line":39,"column":12}},"loc":{"start":{"line":39,"column":22},"end":{"line":39,"column":52}},"line":39}},"branchMap":{"0":{"loc":{"start":{"line":4,"column":41},"end":{"line":4,"column":55}},"type":"default-arg","locations":[{"start":{"line":4,"column":51},"end":{"line":4,"column":55}}],"line":4},"1":{"loc":{"start":{"line":4,"column":57},"end":{"line":4,"column":74}},"type":"default-arg","locations":[{"start":{"line":4,"column":70},"end":{"line":4,"column":74}}],"line":4},"2":{"loc":{"start":{"line":4,"column":76},"end":{"line":4,"column":94}},"type":"default-arg","locations":[{"start":{"line":4,"column":90},"end":{"line":4,"column":94}}],"line":4},"3":{"loc":{"start":{"line":6,"column":4},"end":{"line":8,"column":5}},"type":"if","locations":[{"start":{"line":6,"column":4},"end":{"line":8,"column":5}},{"start":{},"end":{}}],"line":6},"4":{"loc":{"start":{"line":29,"column":8},"end":{"line":31,"column":9}},"type":"if","locations":[{"start":{"line":29,"column":8},"end":{"line":31,"column":9}},{"start":{},"end":{}}],"line":29},"5":{"loc":{"start":{"line":32,"column":8},"end":{"line":34,"column":9}},"type":"if","locations":[{"start":{"line":32,"column":8},"end":{"line":34,"column":9}},{"start":{},"end":{}}],"line":32}},"s":{"0":1,"1":0,"2":1,"3":1,"4":1,"5":1,"6":1,"7":1,"8":0},"f":{"0":1,"1":1,"2":1,"3":0},"b":{"0":[0],"1":[0],"2":[0],"3":[0,1],"4":[1,0],"5":[1,0]},"_coverageSchema":"1a1c01bbd47fc00a2c39e90264f33305004495a9","hash":"2b9a23f369c9cb9d633f22d6c0c9f93c93520fa1"}
,"C:\\Users\\Tygol\\OneDrive - ROC Nijmegen\\Documenten\\GitHub\\front-end-Geoprofs-LJ3\\front-end-geoprofs\\src\\components\\GetCookie.jsx": {"path":"C:\\Users\\Tygol\\OneDrive - ROC Nijmegen\\Documenten\\GitHub\\front-end-Geoprofs-LJ3\\front-end-geoprofs\\src\\components\\GetCookie.jsx","statementMap":{"0":{"start":{"line":2,"column":15},"end":{"line":2,"column":26}},"1":{"start":{"line":3,"column":24},"end":{"line":3,"column":59}},"2":{"start":{"line":4,"column":13},"end":{"line":4,"column":37}},"3":{"start":{"line":5,"column":4},"end":{"line":13,"column":5}},"4":{"start":{"line":5,"column":16},"end":{"line":5,"column":17}},"5":{"start":{"line":6,"column":14},"end":{"line":6,"column":19}},"6":{"start":{"line":7,"column":6},"end":{"line":9,"column":7}},"7":{"start":{"line":8,"column":8},"end":{"line":8,"column":27}},"8":{"start":{"line":10,"column":6},"end":{"line":12,"column":7}},"9":{"start":{"line":11,"column":8},"end":{"line":11,"column":50}},"10":{"start":{"line":14,"column":4},"end":{"line":14,"column":14}}},"fnMap":{"0":{"name":"getCookie","decl":{"start":{"line":1,"column":9},"end":{"line":1,"column":18}},"loc":{"start":{"line":1,"column":26},"end":{"line":15,"column":1}},"line":1}},"branchMap":{"0":{"loc":{"start":{"line":10,"column":6},"end":{"line":12,"column":7}},"type":"if","locations":[{"start":{"line":10,"column":6},"end":{"line":12,"column":7}},{"start":{},"end":{}}],"line":10}},"s":{"0":0,"1":0,"2":0,"3":0,"4":0,"5":0,"6":0,"7":0,"8":0,"9":0,"10":0},"f":{"0":0},"b":{"0":[0,0]},"_coverageSchema":"1a1c01bbd47fc00a2c39e90264f33305004495a9","hash":"5e7a6c028c0fd8d3fb91f94456a839db99ef4c15"}
,"C:\\Users\\Tygol\\OneDrive - ROC Nijmegen\\Documenten\\GitHub\\front-end-Geoprofs-LJ3\\front-end-geoprofs\\src\\components\\GetLeaveSaldoUser.jsx": {"path":"C:\\Users\\Tygol\\OneDrive - ROC Nijmegen\\Documenten\\GitHub\\front-end-Geoprofs-LJ3\\front-end-geoprofs\\src\\components\\GetLeaveSaldoUser.jsx","statementMap":{"0":{"start":{"line":7,"column":4},"end":{"line":9,"column":5}},"1":{"start":{"line":8,"column":25},"end":{"line":8,"column":54}},"2":{"start":{"line":11,"column":4},"end":{"line":31,"column":52}},"3":{"start":{"line":19,"column":8},"end":{"line":21,"column":9}},"4":{"start":{"line":20,"column":12},"end":{"line":20,"column":41}},"5":{"start":{"line":22,"column":8},"end":{"line":24,"column":9}},"6":{"start":{"line":23,"column":12},"end":{"line":23,"column":35}},"7":{"start":{"line":27,"column":8},"end":{"line":29,"column":9}},"8":{"start":{"line":28,"column":12},"end":{"line":28,"column":26}},"9":{"start":{"line":31,"column":20},"end":{"line":31,"column":50}}},"fnMap":{"0":{"name":"GetLeaveSaldoUser","decl":{"start":{"line":5,"column":9},"end":{"line":5,"column":26}},"loc":{"start":{"line":5,"column":95},"end":{"line":32,"column":1}},"line":5},"1":{"name":"(anonymous_1)","decl":{"start":{"line":18,"column":10},"end":{"line":18,"column":11}},"loc":{"start":{"line":18,"column":22},"end":{"line":25,"column":5}},"line":18},"2":{"name":"(anonymous_2)","decl":{"start":{"line":26,"column":10},"end":{"line":26,"column":11}},"loc":{"start":{"line":26,"column":24},"end":{"line":30,"column":5}},"line":26},"3":{"name":"(anonymous_3)","decl":{"start":{"line":31,"column":11},"end":{"line":31,"column":12}},"loc":{"start":{"line":31,"column":20},"end":{"line":31,"column":50}},"line":31}},"branchMap":{"0":{"loc":{"start":{"line":5,"column":41},"end":{"line":5,"column":55}},"type":"default-arg","locations":[{"start":{"line":5,"column":51},"end":{"line":5,"column":55}}],"line":5},"1":{"loc":{"start":{"line":5,"column":57},"end":{"line":5,"column":74}},"type":"default-arg","locations":[{"start":{"line":5,"column":70},"end":{"line":5,"column":74}}],"line":5},"2":{"loc":{"start":{"line":5,"column":76},"end":{"line":5,"column":94}},"type":"default-arg","locations":[{"start":{"line":5,"column":90},"end":{"line":5,"column":94}}],"line":5},"3":{"loc":{"start":{"line":7,"column":4},"end":{"line":9,"column":5}},"type":"if","locations":[{"start":{"line":7,"column":4},"end":{"line":9,"column":5}},{"start":{},"end":{}}],"line":7},"4":{"loc":{"start":{"line":19,"column":8},"end":{"line":21,"column":9}},"type":"if","locations":[{"start":{"line":19,"column":8},"end":{"line":21,"column":9}},{"start":{},"end":{}}],"line":19},"5":{"loc":{"start":{"line":22,"column":8},"end":{"line":24,"column":9}},"type":"if","locations":[{"start":{"line":22,"column":8},"end":{"line":24,"column":9}},{"start":{},"end":{}}],"line":22},"6":{"loc":{"start":{"line":27,"column":8},"end":{"line":29,"column":9}},"type":"if","locations":[{"start":{"line":27,"column":8},"end":{"line":29,"column":9}},{"start":{},"end":{}}],"line":27}},"s":{"0":1,"1":0,"2":1,"3":1,"4":1,"5":1,"6":1,"7":1,"8":1,"9":0},"f":{"0":1,"1":1,"2":1,"3":0},"b":{"0":[0],"1":[0],"2":[0],"3":[0,1],"4":[1,0],"5":[1,0],"6":[1,0]},"_coverageSchema":"1a1c01bbd47fc00a2c39e90264f33305004495a9","hash":"3fcbe78930e00d71b06e56110cd8c94b910c56b0"}
,"C:\\Users\\Tygol\\OneDrive - ROC Nijmegen\\Documenten\\GitHub\\front-end-Geoprofs-LJ3\\front-end-geoprofs\\src\\components\\GetMangerDepartment.jsx": {"path":"C:\\Users\\Tygol\\OneDrive - ROC Nijmegen\\Documenten\\GitHub\\front-end-Geoprofs-LJ3\\front-end-geoprofs\\src\\components\\GetMangerDepartment.jsx","statementMap":{"0":{"start":{"line":7,"column":4},"end":{"line":9,"column":5}},"1":{"start":{"line":8,"column":25},"end":{"line":8,"column":54}},"2":{"start":{"line":11,"column":4},"end":{"line":31,"column":52}},"3":{"start":{"line":19,"column":8},"end":{"line":21,"column":9}},"4":{"start":{"line":20,"column":12},"end":{"line":20,"column":41}},"5":{"start":{"line":22,"column":8},"end":{"line":24,"column":9}},"6":{"start":{"line":23,"column":12},"end":{"line":23,"column":35}},"7":{"start":{"line":27,"column":8},"end":{"line":29,"column":9}},"8":{"start":{"line":28,"column":12},"end":{"line":28,"column":26}},"9":{"start":{"line":31,"column":20},"end":{"line":31,"column":50}}},"fnMap":{"0":{"name":"GetMangerDepartment","decl":{"start":{"line":5,"column":9},"end":{"line":5,"column":28}},"loc":{"start":{"line":5,"column":97},"end":{"line":32,"column":1}},"line":5},"1":{"name":"(anonymous_1)","decl":{"start":{"line":18,"column":10},"end":{"line":18,"column":11}},"loc":{"start":{"line":18,"column":22},"end":{"line":25,"column":5}},"line":18},"2":{"name":"(anonymous_2)","decl":{"start":{"line":26,"column":10},"end":{"line":26,"column":11}},"loc":{"start":{"line":26,"column":24},"end":{"line":30,"column":5}},"line":26},"3":{"name":"(anonymous_3)","decl":{"start":{"line":31,"column":11},"end":{"line":31,"column":12}},"loc":{"start":{"line":31,"column":20},"end":{"line":31,"column":50}},"line":31}},"branchMap":{"0":{"loc":{"start":{"line":5,"column":43},"end":{"line":5,"column":57}},"type":"default-arg","locations":[{"start":{"line":5,"column":53},"end":{"line":5,"column":57}}],"line":5},"1":{"loc":{"start":{"line":5,"column":59},"end":{"line":5,"column":76}},"type":"default-arg","locations":[{"start":{"line":5,"column":72},"end":{"line":5,"column":76}}],"line":5},"2":{"loc":{"start":{"line":5,"column":78},"end":{"line":5,"column":96}},"type":"default-arg","locations":[{"start":{"line":5,"column":92},"end":{"line":5,"column":96}}],"line":5},"3":{"loc":{"start":{"line":7,"column":4},"end":{"line":9,"column":5}},"type":"if","locations":[{"start":{"line":7,"column":4},"end":{"line":9,"column":5}},{"start":{},"end":{}}],"line":7},"4":{"loc":{"start":{"line":19,"column":8},"end":{"line":21,"column":9}},"type":"if","locations":[{"start":{"line":19,"column":8},"end":{"line":21,"column":9}},{"start":{},"end":{}}],"line":19},"5":{"loc":{"start":{"line":22,"column":8},"end":{"line":24,"column":9}},"type":"if","locations":[{"start":{"line":22,"column":8},"end":{"line":24,"column":9}},{"start":{},"end":{}}],"line":22},"6":{"loc":{"start":{"line":27,"column":8},"end":{"line":29,"column":9}},"type":"if","locations":[{"start":{"line":27,"column":8},"end":{"line":29,"column":9}},{"start":{},"end":{}}],"line":27}},"s":{"0":5,"1":0,"2":5,"3":5,"4":5,"5":5,"6":2,"7":5,"8":5,"9":0},"f":{"0":5,"1":5,"2":5,"3":0},"b":{"0":[0],"1":[0],"2":[0],"3":[0,5],"4":[5,0],"5":[2,3],"6":[5,0]},"_coverageSchema":"1a1c01bbd47fc00a2c39e90264f33305004495a9","hash":"3f3a98b8849ce743849aef98a09a60e922be56f2"}
,"C:\\Users\\Tygol\\OneDrive - ROC Nijmegen\\Documenten\\GitHub\\front-end-Geoprofs-LJ3\\front-end-geoprofs\\src\\components\\GetUserDepartments.jsx": {"path":"C:\\Users\\Tygol\\OneDrive - ROC Nijmegen\\Documenten\\GitHub\\front-end-Geoprofs-LJ3\\front-end-geoprofs\\src\\components\\GetUserDepartments.jsx","statementMap":{"0":{"start":{"line":7,"column":4},"end":{"line":9,"column":5}},"1":{"start":{"line":8,"column":25},"end":{"line":8,"column":54}},"2":{"start":{"line":11,"column":4},"end":{"line":30,"column":52}},"3":{"start":{"line":18,"column":8},"end":{"line":20,"column":9}},"4":{"start":{"line":19,"column":12},"end":{"line":19,"column":41}},"5":{"start":{"line":21,"column":8},"end":{"line":23,"column":9}},"6":{"start":{"line":22,"column":12},"end":{"line":22,"column":35}},"7":{"start":{"line":26,"column":8},"end":{"line":28,"column":9}},"8":{"start":{"line":27,"column":12},"end":{"line":27,"column":27}},"9":{"start":{"line":30,"column":20},"end":{"line":30,"column":50}}},"fnMap":{"0":{"name":"GetUserDepartment","decl":{"start":{"line":5,"column":9},"end":{"line":5,"column":26}},"loc":{"start":{"line":5,"column":96},"end":{"line":31,"column":1}},"line":5},"1":{"name":"(anonymous_1)","decl":{"start":{"line":17,"column":10},"end":{"line":17,"column":11}},"loc":{"start":{"line":17,"column":22},"end":{"line":24,"column":5}},"line":17},"2":{"name":"(anonymous_2)","decl":{"start":{"line":25,"column":10},"end":{"line":25,"column":11}},"loc":{"start":{"line":25,"column":24},"end":{"line":29,"column":5}},"line":25},"3":{"name":"(anonymous_3)","decl":{"start":{"line":30,"column":11},"end":{"line":30,"column":12}},"loc":{"start":{"line":30,"column":20},"end":{"line":30,"column":50}},"line":30}},"branchMap":{"0":{"loc":{"start":{"line":5,"column":41},"end":{"line":5,"column":56}},"type":"default-arg","locations":[{"start":{"line":5,"column":52},"end":{"line":5,"column":56}}],"line":5},"1":{"loc":{"start":{"line":5,"column":58},"end":{"line":5,"column":75}},"type":"default-arg","locations":[{"start":{"line":5,"column":71},"end":{"line":5,"column":75}}],"line":5},"2":{"loc":{"start":{"line":5,"column":77},"end":{"line":5,"column":95}},"type":"default-arg","locations":[{"start":{"line":5,"column":91},"end":{"line":5,"column":95}}],"line":5},"3":{"loc":{"start":{"line":7,"column":4},"end":{"line":9,"column":5}},"type":"if","locations":[{"start":{"line":7,"column":4},"end":{"line":9,"column":5}},{"start":{},"end":{}}],"line":7},"4":{"loc":{"start":{"line":18,"column":8},"end":{"line":20,"column":9}},"type":"if","locations":[{"start":{"line":18,"column":8},"end":{"line":20,"column":9}},{"start":{},"end":{}}],"line":18},"5":{"loc":{"start":{"line":21,"column":8},"end":{"line":23,"column":9}},"type":"if","locations":[{"start":{"line":21,"column":8},"end":{"line":23,"column":9}},{"start":{},"end":{}}],"line":21},"6":{"loc":{"start":{"line":26,"column":8},"end":{"line":28,"column":9}},"type":"if","locations":[{"start":{"line":26,"column":8},"end":{"line":28,"column":9}},{"start":{},"end":{}}],"line":26}},"s":{"0":5,"1":0,"2":5,"3":5,"4":5,"5":5,"6":2,"7":5,"8":5,"9":0},"f":{"0":5,"1":5,"2":5,"3":0},"b":{"0":[0],"1":[0],"2":[0],"3":[0,5],"4":[5,0],"5":[2,3],"6":[5,0]},"_coverageSchema":"1a1c01bbd47fc00a2c39e90264f33305004495a9","hash":"31fb704a6bcc655ef9c20212966dfa2daa7b25e4"}
,"C:\\Users\\Tygol\\OneDrive - ROC Nijmegen\\Documenten\\GitHub\\front-end-Geoprofs-LJ3\\front-end-geoprofs\\src\\components\\Login.jsx": {"path":"C:\\Users\\Tygol\\OneDrive - ROC Nijmegen\\Documenten\\GitHub\\front-end-Geoprofs-LJ3\\front-end-geoprofs\\src\\components\\Login.jsx","statementMap":{"0":{"start":{"line":6,"column":19},"end":{"line":6,"column":32}},"1":{"start":{"line":7,"column":2},"end":{"line":29,"column":52}},"2":{"start":{"line":18,"column":2},"end":{"line":20,"column":3}},"3":{"start":{"line":19,"column":4},"end":{"line":19,"column":33}},"4":{"start":{"line":21,"column":2},"end":{"line":23,"column":3}},"5":{"start":{"line":22,"column":4},"end":{"line":22,"column":27}},"6":{"start":{"line":26,"column":2},"end":{"line":26,"column":22}},"7":{"start":{"line":27,"column":2},"end":{"line":27,"column":26}},"8":{"start":{"line":29,"column":20},"end":{"line":29,"column":50}}},"fnMap":{"0":{"name":"Login","decl":{"start":{"line":5,"column":9},"end":{"line":5,"column":14}},"loc":{"start":{"line":5,"column":60},"end":{"line":30,"column":1}},"line":5},"1":{"name":"(anonymous_1)","decl":{"start":{"line":17,"column":8},"end":{"line":17,"column":9}},"loc":{"start":{"line":17,"column":22},"end":{"line":24,"column":3}},"line":17},"2":{"name":"(anonymous_2)","decl":{"start":{"line":25,"column":8},"end":{"line":25,"column":9}},"loc":{"start":{"line":25,"column":24},"end":{"line":28,"column":3}},"line":25},"3":{"name":"(anonymous_3)","decl":{"start":{"line":29,"column":9},"end":{"line":29,"column":10}},"loc":{"start":{"line":29,"column":20},"end":{"line":29,"column":50}},"line":29}},"branchMap":{"0":{"loc":{"start":{"line":5,"column":40},"end":{"line":5,"column":58}},"type":"default-arg","locations":[{"start":{"line":5,"column":54},"end":{"line":5,"column":58}}],"line":5},"1":{"loc":{"start":{"line":18,"column":2},"end":{"line":20,"column":3}},"type":"if","locations":[{"start":{"line":18,"column":2},"end":{"line":20,"column":3}},{"start":{},"end":{}}],"line":18},"2":{"loc":{"start":{"line":21,"column":2},"end":{"line":23,"column":3}},"type":"if","locations":[{"start":{"line":21,"column":2},"end":{"line":23,"column":3}},{"start":{},"end":{}}],"line":21}},"s":{"0":15,"1":15,"2":15,"3":3,"4":15,"5":14,"6":15,"7":15,"8":0},"f":{"0":15,"1":15,"2":15,"3":0},"b":{"0":[12],"1":[3,12],"2":[14,1]},"_coverageSchema":"1a1c01bbd47fc00a2c39e90264f33305004495a9","hash":"0b4318fed66d3f86ba00c10ffa95df40cc2112dc"}
}
