TN:
SF:src\components\CreateLeaveRequest.jsx
FN:4,CreateLeaveRequest
FN:28,(anonymous_1)
FN:36,(anonymous_2)
FN:39,(anonymous_3)
FNF:4
FNH:3
FNDA:1,CreateLeaveRequest
FNDA:1,(anonymous_1)
FNDA:1,(anonymous_2)
FNDA:0,(anonymous_3)
DA:6,1
DA:7,0
DA:10,1
DA:29,1
DA:30,1
DA:32,1
DA:33,1
DA:37,1
DA:39,0
LF:9
LH:7
BRDA:4,0,0,0
BRDA:4,1,0,0
BRDA:4,2,0,0
BRDA:6,3,0,0
BRDA:6,3,1,1
BRDA:29,4,0,1
BRDA:29,4,1,0
BRDA:32,5,0,1
BRDA:32,5,1,0
BRF:9
BRH:3
end_of_record
TN:
SF:src\components\GetCookie.jsx
FN:1,getCookie
FNF:1
FNH:0
FNDA:0,getCookie
DA:2,0
DA:3,0
DA:4,0
DA:5,0
DA:6,0
DA:7,0
DA:8,0
DA:10,0
DA:11,0
DA:14,0
LF:10
LH:0
BRDA:10,0,0,0
BRDA:10,0,1,0
BRF:2
BRH:0
end_of_record
TN:
SF:src\components\GetLeaveSaldoUser.jsx
FN:5,GetLeaveSaldoUser
FN:18,(anonymous_1)
FN:26,(anonymous_2)
FN:31,(anonymous_3)
FNF:4
FNH:3
FNDA:1,GetLeaveSaldoUser
FNDA:1,(anonymous_1)
FNDA:1,(anonymous_2)
FNDA:0,(anonymous_3)
DA:7,1
DA:8,0
DA:11,1
DA:19,1
DA:20,1
DA:22,1
DA:23,1
DA:27,1
DA:28,1
DA:31,0
LF:10
LH:8
BRDA:5,0,0,0
BRDA:5,1,0,0
BRDA:5,2,0,0
BRDA:7,3,0,0
BRDA:7,3,1,1
BRDA:19,4,0,1
BRDA:19,4,1,0
BRDA:22,5,0,1
BRDA:22,5,1,0
BRDA:27,6,0,1
BRDA:27,6,1,0
BRF:11
BRH:4
end_of_record
TN:
SF:src\components\GetMangerDepartment.jsx
FN:5,GetMangerDepartment
FN:18,(anonymous_1)
FN:26,(anonymous_2)
FN:31,(anonymous_3)
FNF:4
FNH:3
FNDA:5,GetMangerDepartment
FNDA:5,(anonymous_1)
FNDA:5,(anonymous_2)
FNDA:0,(anonymous_3)
DA:7,5
DA:8,0
DA:11,5
DA:19,5
DA:20,5
DA:22,5
DA:23,2
DA:27,5
DA:28,5
DA:31,0
LF:10
LH:8
BRDA:5,0,0,0
BRDA:5,1,0,0
BRDA:5,2,0,0
BRDA:7,3,0,0
BRDA:7,3,1,5
BRDA:19,4,0,5
BRDA:19,4,1,0
BRDA:22,5,0,2
BRDA:22,5,1,3
BRDA:27,6,0,5
BRDA:27,6,1,0
BRF:11
BRH:5
end_of_record
TN:
SF:src\components\GetUserDepartments.jsx
FN:5,GetUserDepartment
FN:17,(anonymous_1)
FN:25,(anonymous_2)
FN:30,(anonymous_3)
FNF:4
FNH:3
FNDA:5,GetUserDepartment
FNDA:5,(anonymous_1)
FNDA:5,(anonymous_2)
FNDA:0,(anonymous_3)
DA:7,5
DA:8,0
DA:11,5
DA:18,5
DA:19,5
DA:21,5
DA:22,2
DA:26,5
DA:27,5
DA:30,0
LF:10
LH:8
BRDA:5,0,0,0
BRDA:5,1,0,0
BRDA:5,2,0,0
BRDA:7,3,0,0
BRDA:7,3,1,5
BRDA:18,4,0,5
BRDA:18,4,1,0
BRDA:21,5,0,2
BRDA:21,5,1,3
BRDA:26,6,0,5
BRDA:26,6,1,0
BRF:11
BRH:5
end_of_record
TN:
SF:src\components\Login.jsx
FN:5,Login
FN:17,(anonymous_1)
FN:25,(anonymous_2)
FN:29,(anonymous_3)
FNF:4
FNH:3
FNDA:15,Login
FNDA:15,(anonymous_1)
FNDA:15,(anonymous_2)
FNDA:0,(anonymous_3)
DA:6,15
DA:7,15
DA:18,15
DA:19,3
DA:21,15
DA:22,14
DA:26,15
DA:27,15
DA:29,0
LF:9
LH:8
BRDA:5,0,0,12
BRDA:18,1,0,3
BRDA:18,1,1,12
BRDA:21,2,0,14
BRDA:21,2,1,1
BRF:5
BRH:5
end_of_record
