TN:
SF:src\components\ApproveOrDeclineLeaveRequest.jsx
FN:4,ApproveOrDeclineLeaveRequest
FN:24,(anonymous_1)
FN:32,(anonymous_2)
FN:35,(anonymous_3)
FNF:4
FNH:3
FNDA:1,ApproveOrDeclineLeaveRequest
FNDA:1,(anonymous_1)
FNDA:1,(anonymous_2)
FNDA:0,(anonymous_3)
DA:6,1
DA:7,0
DA:10,1
DA:25,1
DA:26,1
DA:28,1
DA:29,0
DA:33,1
DA:35,0
LF:9
LH:6
BRDA:4,0,0,0
BRDA:4,1,0,0
BRDA:4,2,0,0
BRDA:6,3,0,0
BRDA:6,3,1,1
BRDA:25,4,0,1
BRDA:25,4,1,0
BRDA:28,5,0,0
BRDA:28,5,1,1
BRF:9
BRH:3
end_of_record
TN:
SF:src\components\CreateLeaveRequest.jsx
FN:4,CreateLeaveRequest
FN:27,(anonymous_1)
FN:35,(anonymous_2)
FN:38,(anonymous_3)
FNF:4
FNH:3
FNDA:1,CreateLeaveRequest
FNDA:1,(anonymous_1)
FNDA:1,(anonymous_2)
FNDA:0,(anonymous_3)
DA:6,1
DA:7,0
DA:10,1
DA:28,1
DA:29,1
DA:31,1
DA:32,1
DA:36,1
DA:38,0
LF:9
LH:7
BRDA:4,0,0,0
BRDA:4,1,0,0
BRDA:4,2,0,0
BRDA:6,3,0,0
BRDA:6,3,1,1
BRDA:28,4,0,1
BRDA:28,4,1,0
BRDA:31,5,0,1
BRDA:31,5,1,0
BRF:9
BRH:3
end_of_record
TN:
SF:src\components\GetCookie.jsx
FN:1,getCookie
FNF:1
FNH:0
FNDA:0,getCookie
DA:2,0
DA:3,0
DA:4,0
DA:5,0
DA:6,0
DA:7,0
DA:8,0
DA:10,0
DA:11,0
DA:14,0
LF:10
LH:0
BRDA:10,0,0,0
BRDA:10,0,1,0
BRF:2
BRH:0
end_of_record
TN:
SF:src\components\GetLeaveSaldoUser.jsx
FN:5,GetLeaveSaldoUser
FN:18,(anonymous_1)
FN:26,(anonymous_2)
FN:31,(anonymous_3)
FNF:4
FNH:3
FNDA:1,GetLeaveSaldoUser
FNDA:1,(anonymous_1)
FNDA:1,(anonymous_2)
FNDA:0,(anonymous_3)
DA:7,1
DA:8,0
DA:11,1
DA:19,1
DA:20,1
DA:22,1
DA:23,1
DA:27,1
DA:28,1
DA:31,0
LF:10
LH:8
BRDA:5,0,0,0
BRDA:5,1,0,0
BRDA:5,2,0,0
BRDA:7,3,0,0
BRDA:7,3,1,1
BRDA:19,4,0,1
BRDA:19,4,1,0
BRDA:22,5,0,1
BRDA:22,5,1,0
BRDA:27,6,0,1
BRDA:27,6,1,0
BRF:11
BRH:4
end_of_record
TN:
SF:src\components\GetMangerDepartment.jsx
FN:5,GetMangerDepartment
FN:18,(anonymous_1)
FN:26,(anonymous_2)
FN:31,(anonymous_3)
FNF:4
FNH:3
FNDA:5,GetMangerDepartment
FNDA:5,(anonymous_1)
FNDA:5,(anonymous_2)
FNDA:0,(anonymous_3)
DA:7,5
DA:8,0
DA:11,5
DA:19,5
DA:20,5
DA:22,5
DA:23,2
DA:27,5
DA:28,5
DA:31,0
LF:10
LH:8
BRDA:5,0,0,0
BRDA:5,1,0,0
BRDA:5,2,0,0
BRDA:7,3,0,0
BRDA:7,3,1,5
BRDA:19,4,0,5
BRDA:19,4,1,0
BRDA:22,5,0,2
BRDA:22,5,1,3
BRDA:27,6,0,5
BRDA:27,6,1,0
BRF:11
BRH:5
end_of_record
TN:
SF:src\components\GetUserDepartments.jsx
FN:5,GetUserDepartment
FN:17,(anonymous_1)
FN:25,(anonymous_2)
FN:30,(anonymous_3)
FNF:4
FNH:3
FNDA:5,GetUserDepartment
FNDA:5,(anonymous_1)
FNDA:5,(anonymous_2)
FNDA:0,(anonymous_3)
DA:7,5
DA:8,0
DA:11,5
DA:18,5
DA:19,5
DA:21,5
DA:22,2
DA:26,5
DA:27,5
DA:30,0
LF:10
LH:8
BRDA:5,0,0,0
BRDA:5,1,0,0
BRDA:5,2,0,0
BRDA:7,3,0,0
BRDA:7,3,1,5
BRDA:18,4,0,5
BRDA:18,4,1,0
BRDA:21,5,0,2
BRDA:21,5,1,3
BRDA:26,6,0,5
BRDA:26,6,1,0
BRF:11
BRH:5
end_of_record
TN:
SF:src\components\Login.jsx
FN:5,Login
FN:17,(anonymous_1)
FN:25,(anonymous_2)
FN:29,(anonymous_3)
FNF:4
FNH:3
FNDA:16,Login
FNDA:16,(anonymous_1)
FNDA:16,(anonymous_2)
FNDA:0,(anonymous_3)
DA:7,16
DA:18,16
DA:19,3
DA:21,16
DA:22,15
DA:26,16
DA:29,0
LF:7
LH:6
BRDA:5,0,0,13
BRDA:18,1,0,3
BRDA:18,1,1,13
BRDA:21,2,0,15
BRDA:21,2,1,1
BRF:5
BRH:5
end_of_record
